[debug] [2022-10-05T12:03:58.554Z] ----------------------------------------------------------------------
[debug] [2022-10-05T12:03:58.558Z] Command:       /usr/local/bin/node /usr/local/bin/firebase init
[debug] [2022-10-05T12:03:58.559Z] CLI Version:   11.2.0
[debug] [2022-10-05T12:03:58.560Z] Platform:      darwin
[debug] [2022-10-05T12:03:58.560Z] Node Version:  v16.14.0
[debug] [2022-10-05T12:03:58.586Z] Time:          Wed Oct 05 2022 13:03:58 GMT+0100 (West Africa Standard Time)
[debug] [2022-10-05T12:03:58.586Z] ----------------------------------------------------------------------
[debug] 
[debug] [2022-10-05T12:03:58.604Z] > command requires scopes: ["email","openid","https://www.googleapis.com/auth/cloudplatformprojects.readonly","https://www.googleapis.com/auth/firebase","https://www.googleapis.com/auth/cloud-platform"]
[debug] [2022-10-05T12:03:58.605Z] > authorizing via signed-in user (rubensalban@gmail.com)
[info] 
     ######## #### ########  ######## ########     ###     ######  ########
     ##        ##  ##     ## ##       ##     ##  ##   ##  ##       ##
     ######    ##  ########  ######   ########  #########  ######  ######
     ##        ##  ##    ##  ##       ##     ## ##     ##       ## ##
     ##       #### ##     ## ######## ########  ##     ##  ######  ########

You're about to initialize a Firebase project in this directory:

  /Users/rubensalban/Documents/JOBS/APK_IPA/moonsite/moonpharma

[info] 
=== Project Setup
[info] 
[info] First, let's associate this project directory with a Firebase project.
[info] You can create multiple project aliases by running firebase use --add, 
[info] but for now we'll just set up a default project.
[info] 
[debug] [2022-10-05T12:04:32.613Z] >>> [apiv2][query] GET https://firebase.googleapis.com/v1beta1/projects pageSize=100
[debug] [2022-10-05T12:04:34.680Z] <<< [apiv2][status] GET https://firebase.googleapis.com/v1beta1/projects 200
[debug] [2022-10-05T12:04:34.680Z] <<< [apiv2][body] GET https://firebase.googleapis.com/v1beta1/projects [omitted]
[info] i  Using project appmoonpharma (APPMoonPharma) 
[info] 
=== Hosting Setup
[info] 
[info] Your public directory is the folder (relative to your project directory) that
[info] will contain Hosting assets to be uploaded with firebase deploy. If you
[info] have a build process for your assets, use your build's output directory.
[info] 
[debug] [2022-10-05T12:05:30.432Z] >>> [apiv2][query] GET https://www.gstatic.com/firebasejs/releases.json [none]
[debug] [2022-10-05T12:05:31.384Z] <<< [apiv2][status] GET https://www.gstatic.com/firebasejs/releases.json 200
[debug] [2022-10-05T12:05:31.384Z] <<< [apiv2][body] GET https://www.gstatic.com/firebasejs/releases.json {"current":{"version":"9.10.0","browserURL":"https://www.gstatic.com/firebasejs/9.10.0/firebase.js","packageURL":"https://www.gstatic.com/firebasejs/9.10.0/firebase.tgz"},"live":{"version":"9.10","browserURL":"https://www.gstatic.com/firebasejs/live/9.10/firebase.js","packageURL":"https://www.gstatic.com/firebasejs/live/9.10/firebase.tgz"},"components":{"analytics":"https://www.gstatic.com/firebasejs/9.10.0/firebase-analytics.js","app":"https://www.gstatic.com/firebasejs/9.10.0/firebase-app.js","app-check":"https://www.gstatic.com/firebasejs/9.10.0/firebase-app-check.js","auth":"https://www.gstatic.com/firebasejs/9.10.0/firebase-auth.js","auth/cordova":"https://www.gstatic.com/firebasejs/9.10.0/firebase-auth/cordova.js","auth/react-native":"https://www.gstatic.com/firebasejs/9.10.0/firebase-auth/react-native.js","functions":"https://www.gstatic.com/firebasejs/9.10.0/firebase-functions.js","firestore":"https://www.gstatic.com/firebasejs/9.10.0/firebase-firestore.js","firestore/lite":"https://www.gstatic.com/firebasejs/9.10.0/firebase-firestore/lite.js","installations":"https://www.gstatic.com/firebasejs/9.10.0/firebase-installations.js","storage":"https://www.gstatic.com/firebasejs/9.10.0/firebase-storage.js","performance":"https://www.gstatic.com/firebasejs/9.10.0/firebase-performance.js","remote-config":"https://www.gstatic.com/firebasejs/9.10.0/firebase-remote-config.js","messaging":"https://www.gstatic.com/firebasejs/9.10.0/firebase-messaging.js","messaging/sw":"https://www.gstatic.com/firebasejs/9.10.0/firebase-messaging/sw.js","database":"https://www.gstatic.com/firebasejs/9.10.0/firebase-database.js","firestore.memory":"https://www.gstatic.com/firebasejs/9.10.0/firebase-firestore.memory.js"}}
[info] ✔  Wrote public/index.html 
[info] 
[info] i  Detected a .git folder at /Users/rubensalban/Documents/JOBS/APK_IPA/moonsite/moonpharma 
[info] i  Authorizing with GitHub to upload your service account to a GitHub repository's secrets store. 
[info] 
[info] Visit this URL on this device to log in:
[info] https://github.com/login/oauth/authorize?client_id=89cf50f02ac6aaed3484&state=714397255&redirect_uri=http%3A%2F%2Flocalhost%3A9005&scope=read%3Auser%20repo%20public_repo
[info] 
[info] Waiting for authentication...
[debug] [2022-10-05T12:05:39.347Z] >>> [apiv2][query] POST https://github.com/login/oauth/access_token [none]
[debug] [2022-10-05T12:05:39.348Z] >>> [apiv2][body] POST https://github.com/login/oauth/access_token [stream]
[debug] [2022-10-05T12:05:40.407Z] <<< [apiv2][status] POST https://github.com/login/oauth/access_token 200
[debug] [2022-10-05T12:05:40.407Z] <<< [apiv2][body] POST https://github.com/login/oauth/access_token {"access_token":"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","token_type":"bearer","scope":"read:user,repo"}
[debug] [2022-10-05T12:05:40.456Z] >>> [apiv2][query] GET https://api.github.com/user [none]
[debug] [2022-10-05T12:05:41.824Z] <<< [apiv2][status] GET https://api.github.com/user 200
[debug] [2022-10-05T12:05:41.824Z] <<< [apiv2][body] GET https://api.github.com/user {"login":"Rubensalban","id":15119848,"node_id":"MDQ6VXNlcjE1MTE5ODQ4","avatar_url":"https://avatars.githubusercontent.com/u/15119848?v=4","gravatar_id":"","url":"https://api.github.com/users/Rubensalban","html_url":"https://github.com/Rubensalban","followers_url":"https://api.github.com/users/Rubensalban/followers","following_url":"https://api.github.com/users/Rubensalban/following{/other_user}","gists_url":"https://api.github.com/users/Rubensalban/gists{/gist_id}","starred_url":"https://api.github.com/users/Rubensalban/starred{/owner}{/repo}","subscriptions_url":"https://api.github.com/users/Rubensalban/subscriptions","organizations_url":"https://api.github.com/users/Rubensalban/orgs","repos_url":"https://api.github.com/users/Rubensalban/repos","events_url":"https://api.github.com/users/Rubensalban/events{/privacy}","received_events_url":"https://api.github.com/users/Rubensalban/received_events","type":"User","site_admin":false,"name":"rubensalban","company":null,"blog":"","location":null,"email":null,"hireable":null,"bio":null,"twitter_username":null,"public_repos":15,"public_gists":0,"followers":0,"following":1,"created_at":"2015-10-14T07:02:20Z","updated_at":"2022-10-02T12:34:44Z","private_gists":0,"total_private_repos":21,"owned_private_repos":21,"disk_usage":150881,"collaborators":2,"two_factor_authentication":false,"plan":{"name":"free","space":976562499,"collaborators":0,"private_repos":10000}}
[info] 
[info] ✔  Success! Logged into GitHub as Rubensalban 
[info] 
